<?xml version="1.0" encoding="UTF-8"?>
<coverage generated="1699711556623" clover="3.2.0">
  <project timestamp="1699711556623" name="All files">
    <metrics statements="17" coveredstatements="10" conditionals="22" coveredconditionals="15" methods="1" coveredmethods="1" elements="40" coveredelements="26" complexity="0" loc="17" ncloc="17" packages="1" files="1" classes="1"/>
    <file name="calc.ts" path="/home/odevpedro/Documentos/repo/branas/src/v1/calc.ts">
      <metrics statements="17" coveredstatements="10" conditionals="22" coveredconditionals="15" methods="1" coveredmethods="1"/>
      <line num="3" count="1" type="stmt"/>
      <line num="4" count="1" type="stmt"/>
      <line num="5" count="1" type="stmt"/>
      <line num="6" count="1" type="cond" truecount="5" falsecount="1"/>
      <line num="7" count="1" type="cond" truecount="5" falsecount="1"/>
      <line num="11" count="1" type="cond" truecount="3" falsecount="1"/>
      <line num="14" count="0" type="cond" truecount="0" falsecount="2"/>
      <line num="16" count="0" type="stmt"/>
      <line num="19" count="0" type="stmt"/>
      <line num="24" count="1" type="cond" truecount="1" falsecount="1"/>
      <line num="26" count="0" type="stmt"/>
      <line num="29" count="1" type="stmt"/>
      <line num="34" count="0" type="stmt"/>
      <line num="39" count="0" type="stmt"/>
      <line num="43" count="1" type="cond" truecount="1" falsecount="1"/>
      <line num="44" count="0" type="stmt"/>
      <line num="46" count="1" type="stmt"/>
    </file>
  </project>
</coverage>
