TN:
SF:src/v1/calc.ts
FN:3,calc
FNF:1
FNH:1
FNDA:1,calc
DA:3,1
DA:4,1
DA:5,1
DA:6,1
DA:7,1
DA:11,1
DA:14,0
DA:16,0
DA:19,0
DA:24,1
DA:26,0
DA:29,1
DA:34,0
DA:39,0
DA:43,1
DA:44,0
DA:46,1
LF:17
LH:10
BRDA:6,0,0,1
BRDA:6,0,1,0
BRDA:6,1,0,1
BRDA:6,1,1,1
BRDA:6,1,2,1
BRDA:6,1,3,1
BRDA:7,2,0,1
BRDA:7,2,1,0
BRDA:7,3,0,1
BRDA:7,3,1,1
BRDA:7,3,2,1
BRDA:7,3,3,1
BRDA:11,4,0,0
BRDA:11,4,1,1
BRDA:11,5,0,1
BRDA:11,5,1,1
BRDA:14,6,0,0
BRDA:14,6,1,0
BRDA:24,7,0,0
BRDA:24,7,1,1
BRDA:43,8,0,0
BRDA:43,8,1,1
BRF:22
BRH:15
end_of_record
