TN:
SF:src/v1/calc.ts
FN:3,calc
FNF:1
FNH:1
FNDA:7,calc
DA:3,1
DA:4,7
DA:5,7
DA:6,7
DA:7,6
DA:11,5
DA:14,2
DA:16,1
DA:19,1
DA:24,3
DA:26,1
DA:29,2
DA:34,1
DA:39,1
DA:43,5
DA:44,1
DA:46,4
LF:17
LH:17
BRDA:6,0,0,6
BRDA:6,0,1,1
BRDA:6,1,0,7
BRDA:6,1,1,7
BRDA:6,1,2,7
BRDA:6,1,3,7
BRDA:7,2,0,5
BRDA:7,2,1,1
BRDA:7,3,0,6
BRDA:7,3,1,6
BRDA:7,3,2,6
BRDA:7,3,3,6
BRDA:11,4,0,2
BRDA:11,4,1,3
BRDA:11,5,0,5
BRDA:11,5,1,3
BRDA:14,6,0,1
BRDA:14,6,1,1
BRDA:24,7,0,1
BRDA:24,7,1,2
BRDA:43,8,0,1
BRDA:43,8,1,4
BRF:22
BRH:22
end_of_record
